2019-07-27 19:50:48.468  INFO 22572 --- [Test worker] c.t.s.app.TestsFileReaderServiceRules    : Starting TestsFileReaderServiceRules on DESKTOP-981HD6I with PID 22572 (started by leod9 in C:\1DEV projects\1Git\File_Data_Reader)
2019-07-27 19:50:48.470  INFO 22572 --- [Test worker] c.t.s.app.TestsFileReaderServiceRules    : No active profile set, falling back to default profiles: default
2019-07-27 19:50:50.781  INFO 22572 --- [Test worker] o.s.s.concurrent.ThreadPoolTaskExecutor  : Initializing ExecutorService 'applicationTaskExecutor'
2019-07-27 19:50:50.983  WARN 22572 --- [Test worker] ion$DefaultTemplateResolverConfiguration : Cannot find template location: classpath:/templates/ (please add some templates or check your Thymeleaf configuration)
2019-07-27 19:50:51.716  INFO 22572 --- [Test worker] o.s.s.c.ThreadPoolTaskScheduler          : Initializing ExecutorService 'taskScheduler'
2019-07-27 19:50:52.127  INFO 22572 --- [Test worker] o.s.b.a.e.web.EndpointLinksResolver      : Exposing 2 endpoint(s) beneath base path '/actuator'
2019-07-27 19:50:52.207  INFO 22572 --- [Test worker] c.t.s.app.TestsFileReaderServiceRules    : Started TestsFileReaderServiceRules in 4.204 seconds (JVM running for 5.476)
2019-07-27 19:50:52.561  INFO 22572 --- [Test worker] .b.t.c.SpringBootTestContextBootstrapper : Neither @ContextConfiguration nor @ContextHierarchy found for test class [com.test.solution.app.TestsFileReaderServiceUtils], using SpringBootContextLoader
2019-07-27 19:50:52.563  INFO 22572 --- [Test worker] o.s.t.c.support.AbstractContextLoader    : Could not detect default resource locations for test class [com.test.solution.app.TestsFileReaderServiceUtils]: no resource found for suffixes {-context.xml, Context.groovy}.
2019-07-27 19:50:52.563  INFO 22572 --- [Test worker] t.c.s.AnnotationConfigContextLoaderUtils : Could not detect default configuration classes for test class [com.test.solution.app.TestsFileReaderServiceUtils]: TestsFileReaderServiceUtils does not declare any static, non-private, non-final, nested classes annotated with @Configuration.
2019-07-27 19:50:52.564  INFO 22572 --- [Test worker] .b.t.c.SpringBootTestContextBootstrapper : Found @SpringBootConfiguration com.test.solution.app.ContainerApplication for test class com.test.solution.app.TestsFileReaderServiceUtils
2019-07-27 19:50:52.565  INFO 22572 --- [Test worker] .b.t.c.SpringBootTestContextBootstrapper : Loaded default TestExecutionListener class names from location [META-INF/spring.factories]: [org.springframework.boot.test.autoconfigure.restdocs.RestDocsTestExecutionListener, org.springframework.boot.test.autoconfigure.web.client.MockRestServiceServerResetTestExecutionListener, org.springframework.boot.test.autoconfigure.web.servlet.MockMvcPrintOnlyOnFailureTestExecutionListener, org.springframework.boot.test.autoconfigure.web.servlet.WebDriverTestExecutionListener, org.springframework.boot.test.mock.mockito.MockitoTestExecutionListener, org.springframework.boot.test.mock.mockito.ResetMocksTestExecutionListener, org.springframework.test.context.web.ServletTestExecutionListener, org.springframework.test.context.support.DirtiesContextBeforeModesTestExecutionListener, org.springframework.test.context.support.DependencyInjectionTestExecutionListener, org.springframework.test.context.support.DirtiesContextTestExecutionListener, org.springframework.test.context.transaction.TransactionalTestExecutionListener, org.springframework.test.context.jdbc.SqlScriptsTestExecutionListener]
2019-07-27 19:50:52.567  INFO 22572 --- [Test worker] .b.t.c.SpringBootTestContextBootstrapper : Using TestExecutionListeners: [org.springframework.test.context.web.ServletTestExecutionListener@35da8be, org.springframework.test.context.support.DirtiesContextBeforeModesTestExecutionListener@6b337fad, org.springframework.boot.test.mock.mockito.MockitoTestExecutionListener@251d6eed, org.springframework.boot.test.autoconfigure.SpringBootDependencyInjectionTestExecutionListener@2a347ef6, org.springframework.test.context.support.DirtiesContextTestExecutionListener@44c23b56, org.springframework.boot.test.autoconfigure.restdocs.RestDocsTestExecutionListener@34fcfa74, org.springframework.boot.test.autoconfigure.web.client.MockRestServiceServerResetTestExecutionListener@7a589000, org.springframework.boot.test.autoconfigure.web.servlet.MockMvcPrintOnlyOnFailureTestExecutionListener@73128273, org.springframework.boot.test.autoconfigure.web.servlet.WebDriverTestExecutionListener@26df1fcc, org.springframework.boot.test.mock.mockito.ResetMocksTestExecutionListener@75237e39]
2019-07-27 19:50:52.599  INFO 22572 --- [Thread-4] o.s.s.c.ThreadPoolTaskScheduler          : Shutting down ExecutorService 'taskScheduler'
2019-07-27 19:50:52.601  INFO 22572 --- [Thread-4] o.s.s.concurrent.ThreadPoolTaskExecutor  : Shutting down ExecutorService 'applicationTaskExecutor'
2019-07-27 19:52:57.060  INFO 22968 --- [restartedMain] c.t.solution.app.ContainerApplication    : Starting ContainerApplication on DESKTOP-981HD6I with PID 22968 (started by leod9 in C:\1DEV projects\1Git\File_Data_Reader)
2019-07-27 19:52:57.066  INFO 22968 --- [restartedMain] c.t.solution.app.ContainerApplication    : No active profile set, falling back to default profiles: default
2019-07-27 19:52:57.140  INFO 22968 --- [restartedMain] .e.DevToolsPropertyDefaultsPostProcessor : Devtools property defaults active! Set 'spring.devtools.add-properties' to 'false' to disable
2019-07-27 19:52:57.141  INFO 22968 --- [restartedMain] .e.DevToolsPropertyDefaultsPostProcessor : For additional web related logging consider setting the 'logging.level.web' property to 'DEBUG'
2019-07-27 19:52:59.053  INFO 22968 --- [restartedMain] o.s.b.w.embedded.tomcat.TomcatWebServer  : Tomcat initialized with port(s): 8081 (http)
2019-07-27 19:52:59.094  INFO 22968 --- [restartedMain] o.apache.catalina.core.StandardService   : Starting service [Tomcat]
2019-07-27 19:52:59.095  INFO 22968 --- [restartedMain] org.apache.catalina.core.StandardEngine  : Starting Servlet engine: [Apache Tomcat/9.0.19]
2019-07-27 19:52:59.244  INFO 22968 --- [restartedMain] o.a.c.c.C.[Tomcat].[localhost].[/]       : Initializing Spring embedded WebApplicationContext
2019-07-27 19:52:59.245  INFO 22968 --- [restartedMain] o.s.web.context.ContextLoader            : Root WebApplicationContext: initialization completed in 2104 ms
2019-07-27 19:52:59.796  INFO 22968 --- [restartedMain] o.s.s.concurrent.ThreadPoolTaskExecutor  : Initializing ExecutorService 'applicationTaskExecutor'
2019-07-27 19:52:59.901  WARN 22968 --- [restartedMain] ion$DefaultTemplateResolverConfiguration : Cannot find template location: classpath:/templates/ (please add some templates or check your Thymeleaf configuration)
2019-07-27 19:53:00.091  INFO 22968 --- [restartedMain] o.s.s.c.ThreadPoolTaskScheduler          : Initializing ExecutorService 'taskScheduler'
2019-07-27 19:53:00.457  WARN 22968 --- [restartedMain] o.s.b.d.a.OptionalLiveReloadServer       : Unable to start LiveReload server
2019-07-27 19:53:00.464  INFO 22968 --- [restartedMain] o.s.b.a.e.web.EndpointLinksResolver      : Exposing 2 endpoint(s) beneath base path '/actuator'
2019-07-27 19:53:00.519 ERROR 22968 --- [restartedMain] org.apache.catalina.util.LifecycleBase   : Failed to start component [Connector[HTTP/1.1-8081]]

org.apache.catalina.LifecycleException: Protocol handler start failed
	at org.apache.catalina.connector.Connector.startInternal(Connector.java:1008) ~[tomcat-embed-core-9.0.19.jar:9.0.19]
	at org.apache.catalina.util.LifecycleBase.start(LifecycleBase.java:183) ~[tomcat-embed-core-9.0.19.jar:9.0.19]
	at org.apache.catalina.core.StandardService.addConnector(StandardService.java:226) ~[tomcat-embed-core-9.0.19.jar:9.0.19]
	at org.springframework.boot.web.embedded.tomcat.TomcatWebServer.addPreviouslyRemovedConnectors(TomcatWebServer.java:259) ~[spring-boot-2.1.5.RELEASE.jar:2.1.5.RELEASE]
	at org.springframework.boot.web.embedded.tomcat.TomcatWebServer.start(TomcatWebServer.java:197) ~[spring-boot-2.1.5.RELEASE.jar:2.1.5.RELEASE]
	at org.springframework.boot.web.servlet.context.ServletWebServerApplicationContext.startWebServer(ServletWebServerApplicationContext.java:311) ~[spring-boot-2.1.5.RELEASE.jar:2.1.5.RELEASE]
	at org.springframework.boot.web.servlet.context.ServletWebServerApplicationContext.finishRefresh(ServletWebServerApplicationContext.java:164) ~[spring-boot-2.1.5.RELEASE.jar:2.1.5.RELEASE]
	at org.springframework.context.support.AbstractApplicationContext.refresh(AbstractApplicationContext.java:552) ~[spring-context-5.1.7.RELEASE.jar:5.1.7.RELEASE]
	at org.springframework.boot.web.servlet.context.ServletWebServerApplicationContext.refresh(ServletWebServerApplicationContext.java:142) ~[spring-boot-2.1.5.RELEASE.jar:2.1.5.RELEASE]
	at org.springframework.boot.SpringApplication.refresh(SpringApplication.java:775) ~[spring-boot-2.1.5.RELEASE.jar:2.1.5.RELEASE]
	at org.springframework.boot.SpringApplication.refreshContext(SpringApplication.java:397) ~[spring-boot-2.1.5.RELEASE.jar:2.1.5.RELEASE]
	at org.springframework.boot.SpringApplication.run(SpringApplication.java:316) ~[spring-boot-2.1.5.RELEASE.jar:2.1.5.RELEASE]
	at org.springframework.boot.SpringApplication.run(SpringApplication.java:1260) ~[spring-boot-2.1.5.RELEASE.jar:2.1.5.RELEASE]
	at org.springframework.boot.SpringApplication.run(SpringApplication.java:1248) ~[spring-boot-2.1.5.RELEASE.jar:2.1.5.RELEASE]
	at com.test.solution.app.ContainerApplication.main(ContainerApplication.java:12) ~[main/:na]
	at java.base/jdk.internal.reflect.NativeMethodAccessorImpl.invoke0(Native Method) ~[na:na]
	at java.base/jdk.internal.reflect.NativeMethodAccessorImpl.invoke(NativeMethodAccessorImpl.java:62) ~[na:na]
	at java.base/jdk.internal.reflect.DelegatingMethodAccessorImpl.invoke(DelegatingMethodAccessorImpl.java:43) ~[na:na]
	at java.base/java.lang.reflect.Method.invoke(Method.java:566) ~[na:na]
	at org.springframework.boot.devtools.restart.RestartLauncher.run(RestartLauncher.java:49) ~[spring-boot-devtools-2.1.5.RELEASE.jar:2.1.5.RELEASE]
Caused by: java.net.BindException: Address already in use: bind
	at java.base/sun.nio.ch.Net.bind0(Native Method) ~[na:na]
	at java.base/sun.nio.ch.Net.bind(Net.java:461) ~[na:na]
	at java.base/sun.nio.ch.Net.bind(Net.java:453) ~[na:na]
	at java.base/sun.nio.ch.ServerSocketChannelImpl.bind(ServerSocketChannelImpl.java:227) ~[na:na]
	at java.base/sun.nio.ch.ServerSocketAdaptor.bind(ServerSocketAdaptor.java:80) ~[na:na]
	at org.apache.tomcat.util.net.NioEndpoint.initServerSocket(NioEndpoint.java:239) ~[tomcat-embed-core-9.0.19.jar:9.0.19]
	at org.apache.tomcat.util.net.NioEndpoint.bind(NioEndpoint.java:213) ~[tomcat-embed-core-9.0.19.jar:9.0.19]
	at org.apache.tomcat.util.net.AbstractEndpoint.bindWithCleanup(AbstractEndpoint.java:1116) ~[tomcat-embed-core-9.0.19.jar:9.0.19]
	at org.apache.tomcat.util.net.AbstractEndpoint.start(AbstractEndpoint.java:1202) ~[tomcat-embed-core-9.0.19.jar:9.0.19]
	at org.apache.coyote.AbstractProtocol.start(AbstractProtocol.java:568) ~[tomcat-embed-core-9.0.19.jar:9.0.19]
	at org.apache.catalina.connector.Connector.startInternal(Connector.java:1005) ~[tomcat-embed-core-9.0.19.jar:9.0.19]
	... 19 common frames omitted

2019-07-27 19:53:00.525  INFO 22968 --- [restartedMain] o.apache.catalina.core.StandardService   : Stopping service [Tomcat]
2019-07-27 19:53:00.538  INFO 22968 --- [restartedMain] ConditionEvaluationReportLoggingListener : 

Error starting ApplicationContext. To display the conditions report re-run your application with 'debug' enabled.
2019-07-27 19:53:00.540 ERROR 22968 --- [restartedMain] o.s.b.d.LoggingFailureAnalysisReporter   : 

***************************
APPLICATION FAILED TO START
***************************

Description:

The Tomcat connector configured to listen on port 8081 failed to start. The port may already be in use or the connector may be misconfigured.

Action:

Verify the connector's configuration, identify and stop any process that's listening on port 8081, or configure this application to listen on another port.

2019-07-27 19:53:00.557  INFO 22968 --- [restartedMain] o.s.s.c.ThreadPoolTaskScheduler          : Shutting down ExecutorService 'taskScheduler'
2019-07-27 19:53:00.558  INFO 22968 --- [restartedMain] o.s.s.concurrent.ThreadPoolTaskExecutor  : Shutting down ExecutorService 'applicationTaskExecutor'
2019-07-27 19:53:16.255  INFO 23144 --- [restartedMain] c.t.solution.app.ContainerApplication    : Starting ContainerApplication on DESKTOP-981HD6I with PID 23144 (started by leod9 in C:\1DEV projects\1Git\File_Data_Reader)
2019-07-27 19:53:16.258  INFO 23144 --- [restartedMain] c.t.solution.app.ContainerApplication    : No active profile set, falling back to default profiles: default
2019-07-27 19:53:16.298  INFO 23144 --- [restartedMain] .e.DevToolsPropertyDefaultsPostProcessor : Devtools property defaults active! Set 'spring.devtools.add-properties' to 'false' to disable
2019-07-27 19:53:16.298  INFO 23144 --- [restartedMain] .e.DevToolsPropertyDefaultsPostProcessor : For additional web related logging consider setting the 'logging.level.web' property to 'DEBUG'
2019-07-27 19:53:18.205  INFO 23144 --- [restartedMain] o.s.b.w.embedded.tomcat.TomcatWebServer  : Tomcat initialized with port(s): 8081 (http)
2019-07-27 19:53:18.233  INFO 23144 --- [restartedMain] o.apache.catalina.core.StandardService   : Starting service [Tomcat]
2019-07-27 19:53:18.234  INFO 23144 --- [restartedMain] org.apache.catalina.core.StandardEngine  : Starting Servlet engine: [Apache Tomcat/9.0.19]
2019-07-27 19:53:18.378  INFO 23144 --- [restartedMain] o.a.c.c.C.[Tomcat].[localhost].[/]       : Initializing Spring embedded WebApplicationContext
2019-07-27 19:53:18.379  INFO 23144 --- [restartedMain] o.s.web.context.ContextLoader            : Root WebApplicationContext: initialization completed in 2081 ms
2019-07-27 19:53:18.937  INFO 23144 --- [restartedMain] o.s.s.concurrent.ThreadPoolTaskExecutor  : Initializing ExecutorService 'applicationTaskExecutor'
2019-07-27 19:53:19.040  WARN 23144 --- [restartedMain] ion$DefaultTemplateResolverConfiguration : Cannot find template location: classpath:/templates/ (please add some templates or check your Thymeleaf configuration)
2019-07-27 19:53:19.236  INFO 23144 --- [restartedMain] o.s.s.c.ThreadPoolTaskScheduler          : Initializing ExecutorService 'taskScheduler'
2019-07-27 19:53:19.567  INFO 23144 --- [restartedMain] o.s.b.d.a.OptionalLiveReloadServer       : LiveReload server is running on port 35729
2019-07-27 19:53:19.574  INFO 23144 --- [restartedMain] o.s.b.a.e.web.EndpointLinksResolver      : Exposing 2 endpoint(s) beneath base path '/actuator'
2019-07-27 19:53:19.646  INFO 23144 --- [restartedMain] o.s.b.w.embedded.tomcat.TomcatWebServer  : Tomcat started on port(s): 8081 (http) with context path ''
2019-07-27 19:53:19.650  INFO 23144 --- [restartedMain] c.t.solution.app.ContainerApplication    : Started ContainerApplication in 3.872 seconds (JVM running for 4.493)
2019-07-27 19:53:24.638  INFO 23144 --- [scheduling-1] c.t.s.a.s.utils.FileReaderServiceUtils   : File file one.dat was successfully outputted to /data/out
2019-07-27 19:53:24.641  INFO 23144 --- [scheduling-1] c.t.s.a.s.utils.FileReaderServiceUtils   : File file-two.dat was successfully outputted to /data/out
2019-07-27 19:53:24.643  INFO 23144 --- [scheduling-1] c.t.s.a.s.utils.FileReaderServiceUtils   : File file.three.dat was successfully outputted to /data/out
2019-07-27 19:54:49.623  INFO 23144 --- [scheduling-1] c.t.s.a.s.utils.FileReaderServiceUtils   : File file one.dat was successfully outputted to /data/out
2019-07-27 19:54:49.624  INFO 23144 --- [scheduling-1] c.t.s.a.s.utils.FileReaderServiceUtils   : File file-two.dat was successfully outputted to /data/out
2019-07-27 19:54:49.626  INFO 23144 --- [scheduling-1] c.t.s.a.s.utils.FileReaderServiceUtils   : File file.three.dat was successfully outputted to /data/out
2019-07-27 19:55:21.132  INFO 12956 --- [restartedMain] c.t.solution.app.ContainerApplication    : Starting ContainerApplication on DESKTOP-981HD6I with PID 12956 (started by leod9 in C:\1DEV projects\1Git\File_Data_Reader)
2019-07-27 19:55:21.136  INFO 12956 --- [restartedMain] c.t.solution.app.ContainerApplication    : No active profile set, falling back to default profiles: default
2019-07-27 19:55:21.199  INFO 12956 --- [restartedMain] .e.DevToolsPropertyDefaultsPostProcessor : Devtools property defaults active! Set 'spring.devtools.add-properties' to 'false' to disable
2019-07-27 19:55:21.199  INFO 12956 --- [restartedMain] .e.DevToolsPropertyDefaultsPostProcessor : For additional web related logging consider setting the 'logging.level.web' property to 'DEBUG'
2019-07-27 19:55:23.132  INFO 12956 --- [restartedMain] o.s.b.w.embedded.tomcat.TomcatWebServer  : Tomcat initialized with port(s): 8081 (http)
2019-07-27 19:55:23.162  INFO 12956 --- [restartedMain] o.apache.catalina.core.StandardService   : Starting service [Tomcat]
2019-07-27 19:55:23.162  INFO 12956 --- [restartedMain] org.apache.catalina.core.StandardEngine  : Starting Servlet engine: [Apache Tomcat/9.0.19]
2019-07-27 19:55:23.314  INFO 12956 --- [restartedMain] o.a.c.c.C.[Tomcat].[localhost].[/]       : Initializing Spring embedded WebApplicationContext
2019-07-27 19:55:23.314  INFO 12956 --- [restartedMain] o.s.web.context.ContextLoader            : Root WebApplicationContext: initialization completed in 2114 ms
2019-07-27 19:55:23.865  INFO 12956 --- [restartedMain] o.s.s.concurrent.ThreadPoolTaskExecutor  : Initializing ExecutorService 'applicationTaskExecutor'
2019-07-27 19:55:23.971  WARN 12956 --- [restartedMain] ion$DefaultTemplateResolverConfiguration : Cannot find template location: classpath:/templates/ (please add some templates or check your Thymeleaf configuration)
2019-07-27 19:55:24.211  INFO 12956 --- [restartedMain] o.s.s.c.ThreadPoolTaskScheduler          : Initializing ExecutorService 'taskScheduler'
2019-07-27 19:55:24.548  INFO 12956 --- [restartedMain] o.s.b.d.a.OptionalLiveReloadServer       : LiveReload server is running on port 35729
2019-07-27 19:55:24.555  INFO 12956 --- [restartedMain] o.s.b.a.e.web.EndpointLinksResolver      : Exposing 2 endpoint(s) beneath base path '/actuator'
2019-07-27 19:55:24.621  INFO 12956 --- [restartedMain] o.s.b.w.embedded.tomcat.TomcatWebServer  : Tomcat started on port(s): 8081 (http) with context path ''
2019-07-27 19:55:24.625  INFO 12956 --- [restartedMain] c.t.solution.app.ContainerApplication    : Started ContainerApplication in 3.982 seconds (JVM running for 4.612)
2019-07-27 19:55:29.612  INFO 12956 --- [scheduling-1] c.t.s.a.s.utils.FileReaderServiceUtils   : File file one.dat was successfully outputted to /data/out
2019-07-27 19:55:29.615  INFO 12956 --- [scheduling-1] c.t.s.a.s.utils.FileReaderServiceUtils   : File file-two.dat was successfully outputted to /data/out
2019-07-27 19:55:29.616  INFO 12956 --- [scheduling-1] c.t.s.a.s.utils.FileReaderServiceUtils   : File file.three.dat was successfully outputted to /data/out
2019-07-27 19:57:10.338  INFO 23500 --- [main] c.t.s.app.TestsFileReaderServiceRules    : Starting TestsFileReaderServiceRules on DESKTOP-981HD6I with PID 23500 (started by leod9 in C:\1DEV projects\1Git\File_Data_Reader)
2019-07-27 19:57:10.340  INFO 23500 --- [main] c.t.s.app.TestsFileReaderServiceRules    : No active profile set, falling back to default profiles: default
2019-07-27 19:57:12.513  INFO 23500 --- [main] o.s.s.concurrent.ThreadPoolTaskExecutor  : Initializing ExecutorService 'applicationTaskExecutor'
2019-07-27 19:57:12.710  WARN 23500 --- [main] ion$DefaultTemplateResolverConfiguration : Cannot find template location: classpath:/templates/ (please add some templates or check your Thymeleaf configuration)
2019-07-27 19:57:13.409  INFO 23500 --- [main] o.s.s.c.ThreadPoolTaskScheduler          : Initializing ExecutorService 'taskScheduler'
2019-07-27 19:57:13.892  INFO 23500 --- [main] o.s.b.a.e.web.EndpointLinksResolver      : Exposing 2 endpoint(s) beneath base path '/actuator'
2019-07-27 19:57:13.982  INFO 23500 --- [main] c.t.s.app.TestsFileReaderServiceRules    : Started TestsFileReaderServiceRules in 4.102 seconds (JVM running for 5.225)
2019-07-27 19:57:14.442  INFO 23500 --- [Thread-1] o.s.s.c.ThreadPoolTaskScheduler          : Shutting down ExecutorService 'taskScheduler'
2019-07-27 19:57:14.443  INFO 23500 --- [Thread-1] o.s.s.concurrent.ThreadPoolTaskExecutor  : Shutting down ExecutorService 'applicationTaskExecutor'
2019-07-27 19:57:23.895  INFO 9096 --- [main] c.t.s.app.TestsFileReaderServiceUtils    : Starting TestsFileReaderServiceUtils on DESKTOP-981HD6I with PID 9096 (started by leod9 in C:\1DEV projects\1Git\File_Data_Reader)
2019-07-27 19:57:23.897  INFO 9096 --- [main] c.t.s.app.TestsFileReaderServiceUtils    : No active profile set, falling back to default profiles: default
2019-07-27 19:57:25.991  INFO 9096 --- [main] o.s.s.concurrent.ThreadPoolTaskExecutor  : Initializing ExecutorService 'applicationTaskExecutor'
2019-07-27 19:57:26.181  WARN 9096 --- [main] ion$DefaultTemplateResolverConfiguration : Cannot find template location: classpath:/templates/ (please add some templates or check your Thymeleaf configuration)
2019-07-27 19:57:26.770  INFO 9096 --- [main] o.s.s.c.ThreadPoolTaskScheduler          : Initializing ExecutorService 'taskScheduler'
2019-07-27 19:57:27.165  INFO 9096 --- [main] o.s.b.a.e.web.EndpointLinksResolver      : Exposing 2 endpoint(s) beneath base path '/actuator'
2019-07-27 19:57:27.247  INFO 9096 --- [main] c.t.s.app.TestsFileReaderServiceUtils    : Started TestsFileReaderServiceUtils in 3.779 seconds (JVM running for 4.818)
2019-07-27 19:57:27.619  INFO 9096 --- [Thread-1] o.s.s.c.ThreadPoolTaskScheduler          : Shutting down ExecutorService 'taskScheduler'
2019-07-27 19:57:27.621  INFO 9096 --- [Thread-1] o.s.s.concurrent.ThreadPoolTaskExecutor  : Shutting down ExecutorService 'applicationTaskExecutor'
